17_9/Final Project/app/build/intermediates/manifest_merge_blame_file/debug/manifest-merger-blame-debug-report.txt
1<?xml version="1.0" encoding="utf-8"?>
2<manifest xmlns:android="http://schemas.android.com/apk/res/android"
3    package="com.example.helperapp"
4    android:versionCode="1"
5    android:versionName="1.0" >
6
7    <uses-sdk
8        android:minSdkVersion="22"
8-->src/main/AndroidManifest.xml
9        android:targetSdkVersion="30" />
9-->src/main/AndroidManifest.xml
10    <!--
11         The ACCESS_COARSE/FINE_LOCATION permissions are not required to use
12         Google Maps Android API v2, but you must specify either coarse or fine
13         location permissions for the "MyLocation" functionality.
14    -->
15    <uses-permission android:name="android.permission.ACCESS_FINE_LOCATION" />
15-->src/main/AndroidManifest.xml:9:5-79
15-->src/main/AndroidManifest.xml:9:22-76
16    <uses-permission android:name="android.permission.ACCESS_COARSE_LOCATION" />
16-->src/main/AndroidManifest.xml:10:5-81
16-->src/main/AndroidManifest.xml:10:22-78
17    <uses-permission android:name="android.permission.INTERNET" />
17-->src/main/AndroidManifest.xml:11:5-67
17-->src/main/AndroidManifest.xml:11:22-64
18
19    <!-- Include required permissions for Google Maps API to run. -->
20    <uses-permission android:name="android.permission.ACCESS_NETWORK_STATE" />
20-->[com.google.android.gms:play-services-maps:17.0.0] AndroidManifest.xml:23:5-79
20-->[com.google.android.gms:play-services-maps:17.0.0] AndroidManifest.xml:23:22-76
21
22    <uses-feature
22-->[com.google.android.gms:play-services-maps:17.0.0] AndroidManifest.xml:26:5-28:35
23        android:glEsVersion="0x00020000"
23-->[com.google.android.gms:play-services-maps:17.0.0] AndroidManifest.xml:27:9-41
24        android:required="true" />
24-->[com.google.android.gms:play-services-maps:17.0.0] AndroidManifest.xml:28:9-32
25
26    <application
26-->src/main/AndroidManifest.xml:13:5-55:19
27        android:allowBackup="true"
27-->src/main/AndroidManifest.xml:14:9-35
28        android:appComponentFactory="androidx.core.app.CoreComponentFactory"
28-->[androidx.core:core:1.3.0] AndroidManifest.xml:24:18-86
29        android:debuggable="true"
30        android:icon="@drawable/house"
30-->src/main/AndroidManifest.xml:15:9-39
31        android:label="HouseMaps"
31-->src/main/AndroidManifest.xml:16:9-34
32        android:roundIcon="@drawable/house"
32-->src/main/AndroidManifest.xml:17:9-44
33        android:supportsRtl="true"
33-->src/main/AndroidManifest.xml:18:9-35
34        android:testOnly="true"
35        android:theme="@style/AppTheme" >
35-->src/main/AndroidManifest.xml:19:9-40
36        <activity android:name="com.apcs2.helperapp.main.LauncherActivity" >
36-->src/main/AndroidManifest.xml:20:9-24:20
36-->src/main/AndroidManifest.xml:20:19-75
37        </activity>
38        <!--
39             The API key for Google Maps-based APIs is defined as a string resource.
40             (See the file "res/values/google_maps_api.xml").
41             Note that the API key is linked to the encryption key used to sign the APK.
42             You need a different API key for each encryption key, including the release key that is used to
43             sign the APK for publishing.
44             You can define the keys for the debug and release targets in src/debug/ and src/release/.
45        -->
46        <meta-data
46-->src/main/AndroidManifest.xml:33:9-35:55
47            android:name="com.google.android.geo.API_KEY"
47-->src/main/AndroidManifest.xml:34:13-58
48            android:value="@string/google_maps_key" />
48-->src/main/AndroidManifest.xml:35:13-52
49
50        <activity
50-->src/main/AndroidManifest.xml:37:9-46:20
51            android:name="com.apcs2.helperapp.main.MapsActivity"
51-->src/main/AndroidManifest.xml:38:13-65
52            android:label="@string/title_activity_maps"
52-->src/main/AndroidManifest.xml:39:13-56
53            android:windowSoftInputMode="adjustPan|adjustResize" >
53-->src/main/AndroidManifest.xml:41:13-65
54        </activity>
55        <activity android:name="com.apcs2.helperapp.entity.Register" />
55-->src/main/AndroidManifest.xml:47:9-72
55-->src/main/AndroidManifest.xml:47:19-69
56        <activity android:name="com.apcs2.helperapp.main.MainActivity" >
56-->src/main/AndroidManifest.xml:48:9-54:20
56-->src/main/AndroidManifest.xml:48:19-71
57            <intent-filter>
57-->src/main/AndroidManifest.xml:49:13-53:29
58                <action android:name="android.intent.action.MAIN" />
58-->src/main/AndroidManifest.xml:50:17-69
58-->src/main/AndroidManifest.xml:50:25-66
59
60                <category android:name="android.intent.category.LAUNCHER" />
60-->src/main/AndroidManifest.xml:52:17-77
60-->src/main/AndroidManifest.xml:52:27-74
61            </intent-filter>
62        </activity>
63        <!-- Needs to be explicitly declared on P+ -->
64        <uses-library
64-->[com.google.android.gms:play-services-maps:17.0.0] AndroidManifest.xml:33:9-35:40
65            android:name="org.apache.http.legacy"
65-->[com.google.android.gms:play-services-maps:17.0.0] AndroidManifest.xml:34:13-50
66            android:required="false" />
66-->[com.google.android.gms:play-services-maps:17.0.0] AndroidManifest.xml:35:13-37
67
68        <service
68-->[com.google.firebase:firebase-database:19.3.1] AndroidManifest.xml:29:9-35:19
69            android:name="com.google.firebase.components.ComponentDiscoveryService"
69-->[com.google.firebase:firebase-database:19.3.1] AndroidManifest.xml:30:13-84
70            android:directBootAware="true"
70-->[com.google.firebase:firebase-common:19.3.0] AndroidManifest.xml:34:13-43
71            android:exported="false" >
71-->[com.google.firebase:firebase-database:19.3.1] AndroidManifest.xml:31:13-37
72            <meta-data
72-->[com.google.firebase:firebase-database:19.3.1] AndroidManifest.xml:32:13-34:85
73                android:name="com.google.firebase.components:com.google.firebase.database.DatabaseRegistrar"
73-->[com.google.firebase:firebase-database:19.3.1] AndroidManifest.xml:33:17-109
74                android:value="com.google.firebase.components.ComponentRegistrar" />
74-->[com.google.firebase:firebase-database:19.3.1] AndroidManifest.xml:34:17-82
75            <meta-data
75-->[com.google.firebase:firebase-auth:19.2.0] AndroidManifest.xml:36:13-38:85
76                android:name="com.google.firebase.components:com.google.firebase.auth.FirebaseAuthRegistrar"
76-->[com.google.firebase:firebase-auth:19.2.0] AndroidManifest.xml:37:17-109
77                android:value="com.google.firebase.components.ComponentRegistrar" />
77-->[com.google.firebase:firebase-auth:19.2.0] AndroidManifest.xml:38:17-82
78            <meta-data
78-->[com.google.firebase:firebase-storage:19.1.0] AndroidManifest.xml:33:13-35:85
79                android:name="com.google.firebase.components:com.google.firebase.storage.StorageRegistrar"
79-->[com.google.firebase:firebase-storage:19.1.0] AndroidManifest.xml:34:17-107
80                android:value="com.google.firebase.components.ComponentRegistrar" />
80-->[com.google.firebase:firebase-storage:19.1.0] AndroidManifest.xml:35:17-82
81        </service>
82
83        <activity
83-->[com.google.firebase:firebase-auth:19.2.0] AndroidManifest.xml:24:9-31:50
84            android:name="com.google.firebase.auth.internal.FederatedSignInActivity"
84-->[com.google.firebase:firebase-auth:19.2.0] AndroidManifest.xml:25:13-85
85            android:excludeFromRecents="true"
85-->[com.google.firebase:firebase-auth:19.2.0] AndroidManifest.xml:26:13-46
86            android:exported="true"
86-->[com.google.firebase:firebase-auth:19.2.0] AndroidManifest.xml:27:13-36
87            android:launchMode="singleTask"
87-->[com.google.firebase:firebase-auth:19.2.0] AndroidManifest.xml:28:13-44
88            android:permission="com.google.firebase.auth.api.gms.permission.LAUNCH_FEDERATED_SIGN_IN"
88-->[com.google.firebase:firebase-auth:19.2.0] AndroidManifest.xml:29:13-102
89            android:theme="@android:style/Theme.Translucent.NoTitleBar" />
89-->[com.google.firebase:firebase-auth:19.2.0] AndroidManifest.xml:30:13-72
90
91        <provider
91-->[com.squareup.picasso:picasso:2.71828] AndroidManifest.xml:8:9-11:40
92            android:name="com.squareup.picasso.PicassoProvider"
92-->[com.squareup.picasso:picasso:2.71828] AndroidManifest.xml:9:13-64
93            android:authorities="com.example.helperapp.com.squareup.picasso"
93-->[com.squareup.picasso:picasso:2.71828] AndroidManifest.xml:10:13-72
94            android:exported="false" />
94-->[com.squareup.picasso:picasso:2.71828] AndroidManifest.xml:11:13-37
95        <provider
95-->[com.google.firebase:firebase-common:19.3.0] AndroidManifest.xml:26:9-30:39
96            android:name="com.google.firebase.provider.FirebaseInitProvider"
96-->[com.google.firebase:firebase-common:19.3.0] AndroidManifest.xml:27:13-77
97            android:authorities="com.example.helperapp.firebaseinitprovider"
97-->[com.google.firebase:firebase-common:19.3.0] AndroidManifest.xml:28:13-72
98            android:exported="false"
98-->[com.google.firebase:firebase-common:19.3.0] AndroidManifest.xml:29:13-37
99            android:initOrder="100" />
99-->[com.google.firebase:firebase-common:19.3.0] AndroidManifest.xml:30:13-36
100
101        <activity
101-->[com.google.android.gms:play-services-base:17.1.0] AndroidManifest.xml:23:9-26:75
102            android:name="com.google.android.gms.common.api.GoogleApiActivity"
102-->[com.google.android.gms:play-services-base:17.1.0] AndroidManifest.xml:24:13-79
103            android:exported="false"
103-->[com.google.android.gms:play-services-base:17.1.0] AndroidManifest.xml:25:13-37
104            android:theme="@android:style/Theme.Translucent.NoTitleBar" />
104-->[com.google.android.gms:play-services-base:17.1.0] AndroidManifest.xml:26:13-72
105
106        <meta-data
106-->[com.google.android.gms:play-services-basement:17.0.0] AndroidManifest.xml:23:9-25:69
107            android:name="com.google.android.gms.version"
107-->[com.google.android.gms:play-services-basement:17.0.0] AndroidManifest.xml:24:13-58
108            android:value="@integer/google_play_services_version" />
108-->[com.google.android.gms:play-services-basement:17.0.0] AndroidManifest.xml:25:13-66
109    </application>
110
111</manifest>